<?xml version="1.0" encoding="UTF-8"?>
<robot generator="Robot 3.1.2 (Python 3.7.3 on win32)" generated="20190704 16:06:29.918" rpa="false">
<suite id="s1" name="TestSuite1" source="C:\Users\apoorva.b.agrawal\OneDrive - Accenture\Desktop\Development\RobotFramework\TestProject\Demo\RobotProject1\TestSuitesFolder\TestSuite1.robot">
<kw name="Log" library="BuiltIn" type="setup">
<doc>Logs the given message with the given level.</doc>
<arguments>
<arg>I am inside Test Suite Setup</arg>
</arguments>
<msg timestamp="20190704 16:06:30.173" level="INFO">I am inside Test Suite Setup</msg>
<status status="PASS" starttime="20190704 16:06:30.173" endtime="20190704 16:06:30.173"></status>
</kw>
<test id="s1-t1" name="MyThirdTest">
<kw name="Log" library="BuiltIn" type="setup">
<doc>Logs the given message with the given level.</doc>
<arguments>
<arg>I am inside Test Setup</arg>
</arguments>
<msg timestamp="20190704 16:06:30.174" level="INFO">I am inside Test Setup</msg>
<status status="PASS" starttime="20190704 16:06:30.174" endtime="20190704 16:06:30.174"></status>
</kw>
<kw name="Log" library="BuiltIn">
<doc>Logs the given message with the given level.</doc>
<arguments>
<arg>I am inside 3rd test</arg>
</arguments>
<msg timestamp="20190704 16:06:30.175" level="INFO">I am inside 3rd test</msg>
<status status="PASS" starttime="20190704 16:06:30.175" endtime="20190704 16:06:30.175"></status>
</kw>
<kw name="Log" library="BuiltIn" type="teardown">
<doc>Logs the given message with the given level.</doc>
<arguments>
<arg>I am inside Test Teardown</arg>
</arguments>
<msg timestamp="20190704 16:06:30.175" level="INFO">I am inside Test Teardown</msg>
<status status="PASS" starttime="20190704 16:06:30.175" endtime="20190704 16:06:30.175"></status>
</kw>
<tags>
<tag>local</tag>
</tags>
<status status="PASS" starttime="20190704 16:06:30.174" endtime="20190704 16:06:30.176" critical="yes"></status>
</test>
<kw name="Log" library="BuiltIn" type="teardown">
<doc>Logs the given message with the given level.</doc>
<arguments>
<arg>I am inside Test Suite Teardown</arg>
</arguments>
<msg timestamp="20190704 16:06:30.177" level="INFO">I am inside Test Suite Teardown</msg>
<status status="PASS" starttime="20190704 16:06:30.177" endtime="20190704 16:06:30.177"></status>
</kw>
<status status="PASS" starttime="20190704 16:06:29.921" endtime="20190704 16:06:30.177"></status>
</suite>
<statistics>
<total>
<stat pass="1" fail="0">Critical Tests</stat>
<stat pass="1" fail="0">All Tests</stat>
</total>
<tag>
<stat pass="1" fail="0">local</stat>
</tag>
<suite>
<stat pass="1" fail="0" id="s1" name="TestSuite1">TestSuite1</stat>
</suite>
</statistics>
<errors>
</errors>
</robot>
