<?xml version="1.0" encoding="UTF-8"?>
<robot generator="Robot 3.1.2 (Python 3.7.3 on win32)" generated="20190704 15:23:19.954" rpa="false">
<suite id="s1" name="RobotProject1" source="C:\Users\apoorva.b.agrawal\OneDrive - Accenture\Desktop\Development\RobotFramework\TestProject\Demo\RobotProject1">
<suite id="s1-s1" name="TestSuitesFolder" source="C:\Users\apoorva.b.agrawal\OneDrive - Accenture\Desktop\Development\RobotFramework\TestProject\Demo\RobotProject1\TestSuitesFolder">
<suite id="s1-s1-s1" name="TestSuite1" source="C:\Users\apoorva.b.agrawal\OneDrive - Accenture\Desktop\Development\RobotFramework\TestProject\Demo\RobotProject1\TestSuitesFolder\TestSuite1.robot">
<kw name="Log" library="BuiltIn" type="setup">
<doc>Logs the given message with the given level.</doc>
<arguments>
<arg>I am inside Test Suite Setup</arg>
</arguments>
<msg timestamp="20190704 15:23:20.230" level="INFO">I am inside Test Suite Setup</msg>
<status status="PASS" starttime="20190704 15:23:20.229" endtime="20190704 15:23:20.230"></status>
</kw>
<test id="s1-s1-s1-t1" name="MyFirstTest">
<kw name="Log" library="BuiltIn" type="setup">
<doc>Logs the given message with the given level.</doc>
<arguments>
<arg>I am inside Test Setup</arg>
</arguments>
<msg timestamp="20190704 15:23:20.232" level="INFO">I am inside Test Setup</msg>
<status status="PASS" starttime="20190704 15:23:20.231" endtime="20190704 15:23:20.232"></status>
</kw>
<kw name="Log" library="BuiltIn">
<doc>Logs the given message with the given level.</doc>
<arguments>
<arg>Hello World...</arg>
</arguments>
<msg timestamp="20190704 15:23:20.232" level="INFO">Hello World...</msg>
<status status="PASS" starttime="20190704 15:23:20.232" endtime="20190704 15:23:20.232"></status>
</kw>
<kw name="Log" library="BuiltIn" type="teardown">
<doc>Logs the given message with the given level.</doc>
<arguments>
<arg>I am inside Test Teardown</arg>
</arguments>
<msg timestamp="20190704 15:23:20.233" level="INFO">I am inside Test Teardown</msg>
<status status="PASS" starttime="20190704 15:23:20.233" endtime="20190704 15:23:20.233"></status>
</kw>
<tags>
<tag>smoke</tag>
</tags>
<status status="PASS" starttime="20190704 15:23:20.231" endtime="20190704 15:23:20.233" critical="yes"></status>
</test>
<test id="s1-s1-s1-t2" name="MySecondTest">
<kw name="Log" library="BuiltIn" type="setup">
<doc>Logs the given message with the given level.</doc>
<arguments>
<arg>I am inside Test Setup</arg>
</arguments>
<msg timestamp="20190704 15:23:20.234" level="INFO">I am inside Test Setup</msg>
<status status="PASS" starttime="20190704 15:23:20.234" endtime="20190704 15:23:20.235"></status>
</kw>
<kw name="Log" library="BuiltIn">
<doc>Logs the given message with the given level.</doc>
<arguments>
<arg>I am inside 2nd test</arg>
</arguments>
<msg timestamp="20190704 15:23:20.235" level="INFO">I am inside 2nd test</msg>
<status status="PASS" starttime="20190704 15:23:20.235" endtime="20190704 15:23:20.235"></status>
</kw>
<kw name="Set Tags" library="BuiltIn">
<doc>Adds given ``tags`` for the current test or all tests in a suite.</doc>
<arguments>
<arg>regression1</arg>
</arguments>
<msg timestamp="20190704 15:23:20.236" level="INFO">Set tag 'regression1'.</msg>
<status status="PASS" starttime="20190704 15:23:20.235" endtime="20190704 15:23:20.236"></status>
</kw>
<kw name="Remove Tags" library="BuiltIn">
<doc>Removes given ``tags`` from the current test or all tests in a suite.</doc>
<arguments>
<arg>regression1</arg>
</arguments>
<msg timestamp="20190704 15:23:20.237" level="INFO">Removed tag 'regression1'.</msg>
<status status="PASS" starttime="20190704 15:23:20.236" endtime="20190704 15:23:20.237"></status>
</kw>
<kw name="Log" library="BuiltIn" type="teardown">
<doc>Logs the given message with the given level.</doc>
<arguments>
<arg>I am inside Test Teardown</arg>
</arguments>
<msg timestamp="20190704 15:23:20.237" level="INFO">I am inside Test Teardown</msg>
<status status="PASS" starttime="20190704 15:23:20.237" endtime="20190704 15:23:20.238"></status>
</kw>
<tags>
<tag>sanity</tag>
</tags>
<status status="PASS" starttime="20190704 15:23:20.234" endtime="20190704 15:23:20.238" critical="yes"></status>
</test>
<test id="s1-s1-s1-t3" name="MyThirdTest">
<kw name="Log" library="BuiltIn" type="setup">
<doc>Logs the given message with the given level.</doc>
<arguments>
<arg>I am inside Test Setup</arg>
</arguments>
<msg timestamp="20190704 15:23:20.239" level="INFO">I am inside Test Setup</msg>
<status status="PASS" starttime="20190704 15:23:20.239" endtime="20190704 15:23:20.239"></status>
</kw>
<kw name="Log" library="BuiltIn">
<doc>Logs the given message with the given level.</doc>
<arguments>
<arg>I am inside 3rd test</arg>
</arguments>
<msg timestamp="20190704 15:23:20.240" level="INFO">I am inside 3rd test</msg>
<status status="PASS" starttime="20190704 15:23:20.239" endtime="20190704 15:23:20.240"></status>
</kw>
<kw name="Log" library="BuiltIn" type="teardown">
<doc>Logs the given message with the given level.</doc>
<arguments>
<arg>I am inside Test Teardown</arg>
</arguments>
<msg timestamp="20190704 15:23:20.240" level="INFO">I am inside Test Teardown</msg>
<status status="PASS" starttime="20190704 15:23:20.240" endtime="20190704 15:23:20.240"></status>
</kw>
<tags>
<tag>sanity</tag>
</tags>
<status status="PASS" starttime="20190704 15:23:20.238" endtime="20190704 15:23:20.240" critical="yes"></status>
</test>
<test id="s1-s1-s1-t4" name="FirstSeleniumTest">
<kw name="Log" library="BuiltIn" type="setup">
<doc>Logs the given message with the given level.</doc>
<arguments>
<arg>I am inside Test Setup</arg>
</arguments>
<msg timestamp="20190704 15:23:20.242" level="INFO">I am inside Test Setup</msg>
<status status="PASS" starttime="20190704 15:23:20.241" endtime="20190704 15:23:20.242"></status>
</kw>
<kw name="Open Browser" library="SeleniumLibrary">
<doc>Opens a new browser instance to the given ``url``.</doc>
<arguments>
<arg>https://google.com</arg>
<arg>chrome</arg>
</arguments>
<msg timestamp="20190704 15:23:20.242" level="INFO">Opening browser 'chrome' to base url 'https://google.com'.</msg>
<status status="PASS" starttime="20190704 15:23:20.242" endtime="20190704 15:23:24.182"></status>
</kw>
<kw name="Set Browser Implicit Wait" library="SeleniumLibrary">
<doc>Sets the implicit wait value used by Selenium.</doc>
<arguments>
<arg>5</arg>
</arguments>
<status status="PASS" starttime="20190704 15:23:24.182" endtime="20190704 15:23:24.185"></status>
</kw>
<kw name="Input Text" library="SeleniumLibrary">
<doc>Types the given ``text`` into text field identified by ``locator``.</doc>
<arguments>
<arg>name=q</arg>
<arg>Automation step by step</arg>
</arguments>
<msg timestamp="20190704 15:23:24.185" level="INFO">Typing text 'Automation step by step' into text field 'name=q'.</msg>
<status status="PASS" starttime="20190704 15:23:24.185" endtime="20190704 15:23:24.365"></status>
</kw>
<kw name="Press Keys" library="SeleniumLibrary">
<doc>Simulates user pressing key(s) to an element or on the active browser.</doc>
<arguments>
<arg>name=q</arg>
<arg>ENTER</arg>
</arguments>
<msg timestamp="20190704 15:23:24.366" level="INFO">Sending key(s) ('ENTER',) to name=q element.</msg>
<msg timestamp="20190704 15:23:24.375" level="INFO">Pressing special key ENTER to element.</msg>
<status status="PASS" starttime="20190704 15:23:24.365" endtime="20190704 15:23:25.363"></status>
</kw>
<kw name="Sleep" library="BuiltIn">
<doc>Pauses the test executed for the given time.</doc>
<arguments>
<arg>2</arg>
</arguments>
<msg timestamp="20190704 15:23:27.365" level="INFO">Slept 2 seconds</msg>
<status status="PASS" starttime="20190704 15:23:25.363" endtime="20190704 15:23:27.365"></status>
</kw>
<kw name="Close Browser" library="SeleniumLibrary">
<doc>Closes the current browser.</doc>
<status status="PASS" starttime="20190704 15:23:27.365" endtime="20190704 15:23:29.647"></status>
</kw>
<kw name="Log" library="BuiltIn">
<doc>Logs the given message with the given level.</doc>
<arguments>
<arg>Test Completed</arg>
</arguments>
<msg timestamp="20190704 15:23:29.648" level="INFO">Test Completed</msg>
<status status="PASS" starttime="20190704 15:23:29.647" endtime="20190704 15:23:29.649"></status>
</kw>
<kw name="Log" library="BuiltIn" type="teardown">
<doc>Logs the given message with the given level.</doc>
<arguments>
<arg>I am inside Test Teardown</arg>
</arguments>
<msg timestamp="20190704 15:23:29.650" level="INFO">I am inside Test Teardown</msg>
<status status="PASS" starttime="20190704 15:23:29.649" endtime="20190704 15:23:29.650"></status>
</kw>
<tags>
<tag>sanity</tag>
</tags>
<status status="PASS" starttime="20190704 15:23:20.241" endtime="20190704 15:23:29.650" critical="yes"></status>
</test>
<test id="s1-s1-s1-t5" name="SampleLoginTest">
<kw name="Log" library="BuiltIn" type="setup">
<doc>Logs the given message with the given level.</doc>
<arguments>
<arg>I am inside Test Setup</arg>
</arguments>
<msg timestamp="20190704 15:23:29.653" level="INFO">I am inside Test Setup</msg>
<status status="PASS" starttime="20190704 15:23:29.652" endtime="20190704 15:23:29.653"></status>
</kw>
<kw name="Open Browser" library="SeleniumLibrary">
<doc>Opens a new browser instance to the given ``url``.</doc>
<arguments>
<arg>${URL}</arg>
<arg>chrome</arg>
</arguments>
<msg timestamp="20190704 15:23:29.654" level="INFO">Opening browser 'chrome' to base url 'https://opensource-demo.orangehrmlive.com/'.</msg>
<status status="PASS" starttime="20190704 15:23:29.654" endtime="20190704 15:23:34.418"></status>
</kw>
<kw name="Set Browser Implicit Wait" library="SeleniumLibrary">
<doc>Sets the implicit wait value used by Selenium.</doc>
<arguments>
<arg>5</arg>
</arguments>
<status status="PASS" starttime="20190704 15:23:34.419" endtime="20190704 15:23:34.422"></status>
</kw>
<kw name="Input Text" library="SeleniumLibrary">
<doc>Types the given ``text`` into text field identified by ``locator``.</doc>
<arguments>
<arg>id=txtUsername</arg>
<arg>@{CREDENTIALS}[0]</arg>
</arguments>
<msg timestamp="20190704 15:23:34.423" level="INFO">Typing text 'Admin' into text field 'id=txtUsername'.</msg>
<status status="PASS" starttime="20190704 15:23:34.423" endtime="20190704 15:23:34.538"></status>
</kw>
<kw name="Input Password" library="SeleniumLibrary">
<doc>Types the given password into text field identified by ``locator``.</doc>
<arguments>
<arg>id=txtPassword</arg>
<arg>&amp;{LOGINDATA}[password]</arg>
</arguments>
<msg timestamp="20190704 15:23:34.539" level="INFO">Typing password into text field 'id=txtPassword'.</msg>
<status status="PASS" starttime="20190704 15:23:34.538" endtime="20190704 15:23:34.649"></status>
</kw>
<kw name="Click Button" library="SeleniumLibrary">
<doc>Clicks button identified by ``locator``.</doc>
<arguments>
<arg>id=btnLogin</arg>
</arguments>
<msg timestamp="20190704 15:23:34.650" level="INFO">Clicking button 'id=btnLogin'.</msg>
<status status="PASS" starttime="20190704 15:23:34.650" endtime="20190704 15:23:35.702"></status>
</kw>
<kw name="Click Element" library="SeleniumLibrary">
<doc>Click element identified by ``locator``.</doc>
<arguments>
<arg>id=welcome</arg>
</arguments>
<msg timestamp="20190704 15:23:35.704" level="INFO">Clicking element 'id=welcome'.</msg>
<status status="PASS" starttime="20190704 15:23:35.703" endtime="20190704 15:23:35.790"></status>
</kw>
<kw name="Click Element" library="SeleniumLibrary">
<doc>Click element identified by ``locator``.</doc>
<arguments>
<arg>link=Logout</arg>
</arguments>
<msg timestamp="20190704 15:23:35.791" level="INFO">Clicking element 'link=Logout'.</msg>
<status status="PASS" starttime="20190704 15:23:35.790" endtime="20190704 15:23:36.973"></status>
</kw>
<kw name="Close Browser" library="SeleniumLibrary">
<doc>Closes the current browser.</doc>
<status status="PASS" starttime="20190704 15:23:36.973" endtime="20190704 15:23:39.253"></status>
</kw>
<kw name="Log" library="BuiltIn">
<doc>Logs the given message with the given level.</doc>
<arguments>
<arg>Test Completed</arg>
</arguments>
<msg timestamp="20190704 15:23:39.255" level="INFO">Test Completed</msg>
<status status="PASS" starttime="20190704 15:23:39.253" endtime="20190704 15:23:39.255"></status>
</kw>
<kw name="Log" library="BuiltIn">
<doc>Logs the given message with the given level.</doc>
<arguments>
<arg>This test was completed by %{username} on %{os}</arg>
</arguments>
<msg timestamp="20190704 15:23:39.256" level="INFO">This test was completed by apoorva.b.agrawal on Windows_NT</msg>
<status status="PASS" starttime="20190704 15:23:39.256" endtime="20190704 15:23:39.257"></status>
</kw>
<kw name="Log" library="BuiltIn" type="teardown">
<doc>Logs the given message with the given level.</doc>
<arguments>
<arg>I am inside Test Teardown</arg>
</arguments>
<msg timestamp="20190704 15:23:39.258" level="INFO">I am inside Test Teardown</msg>
<status status="PASS" starttime="20190704 15:23:39.258" endtime="20190704 15:23:39.259"></status>
</kw>
<doc>This is a simple login test</doc>
<tags>
<tag>sanity</tag>
</tags>
<status status="PASS" starttime="20190704 15:23:29.651" endtime="20190704 15:23:39.259" critical="yes"></status>
</test>
<test id="s1-s1-s1-t6" name="SampleLoginTest2">
<kw name="Log" library="BuiltIn" type="setup">
<doc>Logs the given message with the given level.</doc>
<arguments>
<arg>I am inside Test Setup</arg>
</arguments>
<msg timestamp="20190704 15:23:39.263" level="INFO">I am inside Test Setup</msg>
<status status="PASS" starttime="20190704 15:23:39.262" endtime="20190704 15:23:39.264"></status>
</kw>
<kw name="Open Browser" library="SeleniumLibrary">
<doc>Opens a new browser instance to the given ``url``.</doc>
<arguments>
<arg>${URL}</arg>
<arg>chrome</arg>
</arguments>
<msg timestamp="20190704 15:23:39.279" level="INFO">Opening browser 'chrome' to base url 'https://opensource-demo.orangehrmlive.com/'.</msg>
<status status="PASS" starttime="20190704 15:23:39.279" endtime="20190704 15:23:44.175"></status>
</kw>
<kw name="Set Browser Implicit Wait" library="SeleniumLibrary">
<doc>Sets the implicit wait value used by Selenium.</doc>
<arguments>
<arg>5</arg>
</arguments>
<status status="PASS" starttime="20190704 15:23:44.176" endtime="20190704 15:23:44.179"></status>
</kw>
<kw name="LoginKW">
<kw name="Input Text" library="SeleniumLibrary">
<doc>Types the given ``text`` into text field identified by ``locator``.</doc>
<arguments>
<arg>id=txtUsername</arg>
<arg>@{CREDENTIALS}[0]</arg>
</arguments>
<msg timestamp="20190704 15:23:44.180" level="INFO">Typing text 'Admin' into text field 'id=txtUsername'.</msg>
<status status="PASS" starttime="20190704 15:23:44.180" endtime="20190704 15:23:44.272"></status>
</kw>
<kw name="Input Password" library="SeleniumLibrary">
<doc>Types the given password into text field identified by ``locator``.</doc>
<arguments>
<arg>id=txtPassword</arg>
<arg>&amp;{LOGINDATA}[password]</arg>
</arguments>
<msg timestamp="20190704 15:23:44.273" level="INFO">Typing password into text field 'id=txtPassword'.</msg>
<status status="PASS" starttime="20190704 15:23:44.273" endtime="20190704 15:23:44.376"></status>
</kw>
<kw name="Click Button" library="SeleniumLibrary">
<doc>Clicks button identified by ``locator``.</doc>
<arguments>
<arg>id=btnLogin</arg>
</arguments>
<msg timestamp="20190704 15:23:44.377" level="INFO">Clicking button 'id=btnLogin'.</msg>
<status status="PASS" starttime="20190704 15:23:44.376" endtime="20190704 15:23:45.484"></status>
</kw>
<status status="PASS" starttime="20190704 15:23:44.179" endtime="20190704 15:23:45.485"></status>
</kw>
<kw name="Click Element" library="SeleniumLibrary">
<doc>Click element identified by ``locator``.</doc>
<arguments>
<arg>id=welcome</arg>
</arguments>
<msg timestamp="20190704 15:23:45.486" level="INFO">Clicking element 'id=welcome'.</msg>
<status status="PASS" starttime="20190704 15:23:45.485" endtime="20190704 15:23:45.566"></status>
</kw>
<kw name="Click Element" library="SeleniumLibrary">
<doc>Click element identified by ``locator``.</doc>
<arguments>
<arg>link=Logout</arg>
</arguments>
<msg timestamp="20190704 15:23:45.567" level="INFO">Clicking element 'link=Logout'.</msg>
<status status="PASS" starttime="20190704 15:23:45.566" endtime="20190704 15:23:46.888"></status>
</kw>
<kw name="Close Browser" library="SeleniumLibrary">
<doc>Closes the current browser.</doc>
<status status="PASS" starttime="20190704 15:23:46.889" endtime="20190704 15:23:49.162"></status>
</kw>
<kw name="Log" library="BuiltIn">
<doc>Logs the given message with the given level.</doc>
<arguments>
<arg>Test Completed</arg>
</arguments>
<msg timestamp="20190704 15:23:49.166" level="INFO">Test Completed</msg>
<status status="PASS" starttime="20190704 15:23:49.163" endtime="20190704 15:23:49.167"></status>
</kw>
<kw name="Log" library="BuiltIn">
<doc>Logs the given message with the given level.</doc>
<arguments>
<arg>This test was completed by %{username} on %{os}</arg>
</arguments>
<msg timestamp="20190704 15:23:49.170" level="INFO">This test was completed by apoorva.b.agrawal on Windows_NT</msg>
<status status="PASS" starttime="20190704 15:23:49.168" endtime="20190704 15:23:49.171"></status>
</kw>
<kw name="Log" library="BuiltIn" type="teardown">
<doc>Logs the given message with the given level.</doc>
<arguments>
<arg>I am inside Test Teardown</arg>
</arguments>
<msg timestamp="20190704 15:23:49.171" level="INFO">I am inside Test Teardown</msg>
<status status="PASS" starttime="20190704 15:23:49.171" endtime="20190704 15:23:49.172"></status>
</kw>
<doc>This is a simple login test</doc>
<tags>
<tag>sanity</tag>
</tags>
<status status="PASS" starttime="20190704 15:23:39.260" endtime="20190704 15:23:49.172" critical="yes"></status>
</test>
<kw name="Log" library="BuiltIn" type="teardown">
<doc>Logs the given message with the given level.</doc>
<arguments>
<arg>I am inside Test Suite Teardown</arg>
</arguments>
<msg timestamp="20190704 15:23:49.174" level="INFO">I am inside Test Suite Teardown</msg>
<status status="PASS" starttime="20190704 15:23:49.173" endtime="20190704 15:23:49.174"></status>
</kw>
<status status="PASS" starttime="20190704 15:23:20.023" endtime="20190704 15:23:49.174"></status>
</suite>
<status status="PASS" starttime="20190704 15:23:20.021" endtime="20190704 15:23:49.177"></status>
</suite>
<status status="PASS" starttime="20190704 15:23:19.992" endtime="20190704 15:23:49.179"></status>
</suite>
<statistics>
<total>
<stat pass="6" fail="0">Critical Tests</stat>
<stat pass="6" fail="0">All Tests</stat>
</total>
<tag>
<stat pass="5" fail="0">sanity</stat>
<stat pass="1" fail="0">smoke</stat>
</tag>
<suite>
<stat pass="6" fail="0" id="s1" name="RobotProject1">RobotProject1</stat>
<stat pass="6" fail="0" id="s1-s1" name="TestSuitesFolder">RobotProject1.TestSuitesFolder</stat>
<stat pass="6" fail="0" id="s1-s1-s1" name="TestSuite1">RobotProject1.TestSuitesFolder.TestSuite1</stat>
</suite>
</statistics>
<errors>
</errors>
</robot>
