<?xml version="1.0" encoding="UTF-8"?>
<robot generator="Robot 3.1.2 (Python 3.7.3 on win32)" generated="20190809 13:12:34.427" rpa="false">
<suite id="s1" name="TestSuite1" source="C:\Users\apoorva.b.agrawal\OneDrive - Accenture\Desktop\Development\RobotFramework\JenkinsWorkspace\RobotFramework\RobotProject1\TestSuitesFolder\TestSuite1.robot">
<kw name="Log" library="BuiltIn" type="setup">
<doc>Logs the given message with the given level.</doc>
<arguments>
<arg>I am inside Test Suite Setup</arg>
</arguments>
<msg timestamp="20190809 13:12:34.872" level="INFO">I am inside Test Suite Setup</msg>
<status status="PASS" starttime="20190809 13:12:34.872" endtime="20190809 13:12:34.873"></status>
</kw>
<test id="s1-t1" name="MyFirstTest">
<kw name="Log" library="BuiltIn" type="setup">
<doc>Logs the given message with the given level.</doc>
<arguments>
<arg>I am inside Test Setup</arg>
</arguments>
<msg timestamp="20190809 13:12:34.873" level="INFO">I am inside Test Setup</msg>
<status status="PASS" starttime="20190809 13:12:34.873" endtime="20190809 13:12:34.873"></status>
</kw>
<kw name="Log" library="BuiltIn">
<doc>Logs the given message with the given level.</doc>
<arguments>
<arg>Hello World...</arg>
</arguments>
<msg timestamp="20190809 13:12:34.874" level="INFO">Hello World...</msg>
<status status="PASS" starttime="20190809 13:12:34.873" endtime="20190809 13:12:34.874"></status>
</kw>
<kw name="Log" library="BuiltIn" type="teardown">
<doc>Logs the given message with the given level.</doc>
<arguments>
<arg>I am inside Test Teardown</arg>
</arguments>
<msg timestamp="20190809 13:12:34.874" level="INFO">I am inside Test Teardown</msg>
<status status="PASS" starttime="20190809 13:12:34.874" endtime="20190809 13:12:34.874"></status>
</kw>
<tags>
<tag>smoke</tag>
</tags>
<status status="PASS" starttime="20190809 13:12:34.873" endtime="20190809 13:12:34.874" critical="yes"></status>
</test>
<test id="s1-t2" name="MySecondTest">
<kw name="Log" library="BuiltIn" type="setup">
<doc>Logs the given message with the given level.</doc>
<arguments>
<arg>I am inside Test Setup</arg>
</arguments>
<msg timestamp="20190809 13:12:34.875" level="INFO">I am inside Test Setup</msg>
<status status="PASS" starttime="20190809 13:12:34.875" endtime="20190809 13:12:34.876"></status>
</kw>
<kw name="Log" library="BuiltIn">
<doc>Logs the given message with the given level.</doc>
<arguments>
<arg>I am inside 2nd test</arg>
</arguments>
<msg timestamp="20190809 13:12:34.876" level="INFO">I am inside 2nd test</msg>
<status status="PASS" starttime="20190809 13:12:34.876" endtime="20190809 13:12:34.876"></status>
</kw>
<kw name="Set Tags" library="BuiltIn">
<doc>Adds given ``tags`` for the current test or all tests in a suite.</doc>
<arguments>
<arg>regression1</arg>
</arguments>
<msg timestamp="20190809 13:12:34.876" level="INFO">Set tag 'regression1'.</msg>
<status status="PASS" starttime="20190809 13:12:34.876" endtime="20190809 13:12:34.876"></status>
</kw>
<kw name="Remove Tags" library="BuiltIn">
<doc>Removes given ``tags`` from the current test or all tests in a suite.</doc>
<arguments>
<arg>regression1</arg>
</arguments>
<msg timestamp="20190809 13:12:34.877" level="INFO">Removed tag 'regression1'.</msg>
<status status="PASS" starttime="20190809 13:12:34.876" endtime="20190809 13:12:34.877"></status>
</kw>
<kw name="Log" library="BuiltIn" type="teardown">
<doc>Logs the given message with the given level.</doc>
<arguments>
<arg>I am inside Test Teardown</arg>
</arguments>
<msg timestamp="20190809 13:12:34.878" level="INFO">I am inside Test Teardown</msg>
<status status="PASS" starttime="20190809 13:12:34.877" endtime="20190809 13:12:34.878"></status>
</kw>
<tags>
<tag>sanity</tag>
</tags>
<status status="PASS" starttime="20190809 13:12:34.875" endtime="20190809 13:12:34.878" critical="yes"></status>
</test>
<test id="s1-t3" name="MyThirdTest">
<kw name="Log" library="BuiltIn" type="setup">
<doc>Logs the given message with the given level.</doc>
<arguments>
<arg>I am inside Test Setup</arg>
</arguments>
<msg timestamp="20190809 13:12:34.879" level="INFO">I am inside Test Setup</msg>
<status status="PASS" starttime="20190809 13:12:34.879" endtime="20190809 13:12:34.879"></status>
</kw>
<kw name="Log" library="BuiltIn">
<doc>Logs the given message with the given level.</doc>
<arguments>
<arg>I am inside 3rd test</arg>
</arguments>
<msg timestamp="20190809 13:12:34.880" level="INFO">I am inside 3rd test</msg>
<status status="PASS" starttime="20190809 13:12:34.879" endtime="20190809 13:12:34.880"></status>
</kw>
<kw name="Log" library="BuiltIn" type="teardown">
<doc>Logs the given message with the given level.</doc>
<arguments>
<arg>I am inside Test Teardown</arg>
</arguments>
<msg timestamp="20190809 13:12:34.880" level="INFO">I am inside Test Teardown</msg>
<status status="PASS" starttime="20190809 13:12:34.880" endtime="20190809 13:12:34.880"></status>
</kw>
<tags>
<tag>local</tag>
</tags>
<status status="PASS" starttime="20190809 13:12:34.878" endtime="20190809 13:12:34.880" critical="yes"></status>
</test>
<test id="s1-t4" name="MyFourthTest">
<kw name="Log" library="BuiltIn" type="setup">
<doc>Logs the given message with the given level.</doc>
<arguments>
<arg>I am inside Test Setup</arg>
</arguments>
<msg timestamp="20190809 13:12:34.881" level="INFO">I am inside Test Setup</msg>
<status status="PASS" starttime="20190809 13:12:34.881" endtime="20190809 13:12:34.881"></status>
</kw>
<kw name="Log" library="BuiltIn">
<doc>Logs the given message with the given level.</doc>
<arguments>
<arg>I am inside 4th test</arg>
</arguments>
<msg timestamp="20190809 13:12:34.881" level="INFO">I am inside 4th test</msg>
<status status="PASS" starttime="20190809 13:12:34.881" endtime="20190809 13:12:34.881"></status>
</kw>
<kw name="Log" library="BuiltIn" type="teardown">
<doc>Logs the given message with the given level.</doc>
<arguments>
<arg>I am inside Test Teardown</arg>
</arguments>
<msg timestamp="20190809 13:12:34.881" level="INFO">I am inside Test Teardown</msg>
<status status="PASS" starttime="20190809 13:12:34.881" endtime="20190809 13:12:34.882"></status>
</kw>
<tags>
<tag>local</tag>
</tags>
<status status="PASS" starttime="20190809 13:12:34.880" endtime="20190809 13:12:34.882" critical="yes"></status>
</test>
<test id="s1-t5" name="FirstSeleniumTest">
<kw name="Log" library="BuiltIn" type="setup">
<doc>Logs the given message with the given level.</doc>
<arguments>
<arg>I am inside Test Setup</arg>
</arguments>
<msg timestamp="20190809 13:12:34.882" level="INFO">I am inside Test Setup</msg>
<status status="PASS" starttime="20190809 13:12:34.882" endtime="20190809 13:12:34.882"></status>
</kw>
<kw name="Open Browser" library="SeleniumLibrary">
<doc>Opens a new browser instance to the given ``url``.</doc>
<arguments>
<arg>https://google.com</arg>
<arg>chrome</arg>
</arguments>
<msg timestamp="20190809 13:12:34.883" level="INFO">Opening browser 'chrome' to base url 'https://google.com'.</msg>
<status status="PASS" starttime="20190809 13:12:34.882" endtime="20190809 13:12:39.709"></status>
</kw>
<kw name="Set Browser Implicit Wait" library="SeleniumLibrary">
<doc>Sets the implicit wait value used by Selenium.</doc>
<arguments>
<arg>5</arg>
</arguments>
<status status="PASS" starttime="20190809 13:12:39.710" endtime="20190809 13:12:39.713"></status>
</kw>
<kw name="Input Text" library="SeleniumLibrary">
<doc>Types the given ``text`` into text field identified by ``locator``.</doc>
<arguments>
<arg>name=q</arg>
<arg>Automation step by step</arg>
</arguments>
<msg timestamp="20190809 13:12:39.713" level="INFO">Typing text 'Automation step by step' into text field 'name=q'.</msg>
<status status="PASS" starttime="20190809 13:12:39.713" endtime="20190809 13:12:40.078"></status>
</kw>
<kw name="Press Keys" library="SeleniumLibrary">
<doc>Simulates user pressing key(s) to an element or on the active browser.</doc>
<arguments>
<arg>name=q</arg>
<arg>ENTER</arg>
</arguments>
<msg timestamp="20190809 13:12:40.079" level="INFO">Sending key(s) ('ENTER',) to name=q element.</msg>
<msg timestamp="20190809 13:12:40.099" level="INFO">Pressing special key ENTER to element.</msg>
<status status="PASS" starttime="20190809 13:12:40.079" endtime="20190809 13:12:41.856"></status>
</kw>
<kw name="Sleep" library="BuiltIn">
<doc>Pauses the test executed for the given time.</doc>
<arguments>
<arg>2</arg>
</arguments>
<msg timestamp="20190809 13:12:43.859" level="INFO">Slept 2 seconds</msg>
<status status="PASS" starttime="20190809 13:12:41.856" endtime="20190809 13:12:43.859"></status>
</kw>
<kw name="Close Browser" library="SeleniumLibrary">
<doc>Closes the current browser.</doc>
<status status="PASS" starttime="20190809 13:12:43.860" endtime="20190809 13:12:46.156"></status>
</kw>
<kw name="Log" library="BuiltIn">
<doc>Logs the given message with the given level.</doc>
<arguments>
<arg>Test Completed</arg>
</arguments>
<msg timestamp="20190809 13:12:46.156" level="INFO">Test Completed</msg>
<status status="PASS" starttime="20190809 13:12:46.156" endtime="20190809 13:12:46.156"></status>
</kw>
<kw name="Log" library="BuiltIn" type="teardown">
<doc>Logs the given message with the given level.</doc>
<arguments>
<arg>I am inside Test Teardown</arg>
</arguments>
<msg timestamp="20190809 13:12:46.157" level="INFO">I am inside Test Teardown</msg>
<status status="PASS" starttime="20190809 13:12:46.157" endtime="20190809 13:12:46.157"></status>
</kw>
<tags>
<tag>sanity</tag>
</tags>
<status status="PASS" starttime="20190809 13:12:34.882" endtime="20190809 13:12:46.157" critical="yes"></status>
</test>
<test id="s1-t6" name="SampleLoginTest">
<kw name="Log" library="BuiltIn" type="setup">
<doc>Logs the given message with the given level.</doc>
<arguments>
<arg>I am inside Test Setup</arg>
</arguments>
<msg timestamp="20190809 13:12:46.158" level="INFO">I am inside Test Setup</msg>
<status status="PASS" starttime="20190809 13:12:46.158" endtime="20190809 13:12:46.158"></status>
</kw>
<kw name="Open Browser" library="SeleniumLibrary">
<doc>Opens a new browser instance to the given ``url``.</doc>
<arguments>
<arg>${URL}</arg>
<arg>chrome</arg>
</arguments>
<msg timestamp="20190809 13:12:46.158" level="INFO">Opening browser 'chrome' to base url 'https://opensource-demo.orangehrmlive.com/'.</msg>
<status status="PASS" starttime="20190809 13:12:46.158" endtime="20190809 13:12:51.190"></status>
</kw>
<kw name="Set Browser Implicit Wait" library="SeleniumLibrary">
<doc>Sets the implicit wait value used by Selenium.</doc>
<arguments>
<arg>5</arg>
</arguments>
<status status="PASS" starttime="20190809 13:12:51.190" endtime="20190809 13:12:51.192"></status>
</kw>
<kw name="Input Text" library="SeleniumLibrary">
<doc>Types the given ``text`` into text field identified by ``locator``.</doc>
<arguments>
<arg>id=txtUsername</arg>
<arg>@{CREDENTIALS}[0]</arg>
</arguments>
<msg timestamp="20190809 13:12:51.193" level="INFO">Typing text 'Admin' into text field 'id=txtUsername'.</msg>
<status status="PASS" starttime="20190809 13:12:51.193" endtime="20190809 13:12:51.300"></status>
</kw>
<kw name="Input Password" library="SeleniumLibrary">
<doc>Types the given password into text field identified by ``locator``.</doc>
<arguments>
<arg>id=txtPassword</arg>
<arg>&amp;{LOGINDATA}[password]</arg>
</arguments>
<msg timestamp="20190809 13:12:51.300" level="INFO">Typing password into text field 'id=txtPassword'.</msg>
<status status="PASS" starttime="20190809 13:12:51.300" endtime="20190809 13:12:51.392"></status>
</kw>
<kw name="Click Button" library="SeleniumLibrary">
<doc>Clicks button identified by ``locator``.</doc>
<arguments>
<arg>id=btnLogin</arg>
</arguments>
<msg timestamp="20190809 13:12:51.392" level="INFO">Clicking button 'id=btnLogin'.</msg>
<status status="PASS" starttime="20190809 13:12:51.392" endtime="20190809 13:12:52.619"></status>
</kw>
<kw name="Click Element" library="SeleniumLibrary">
<doc>Click element identified by ``locator``.</doc>
<arguments>
<arg>id=welcome</arg>
</arguments>
<msg timestamp="20190809 13:12:52.619" level="INFO">Clicking element 'id=welcome'.</msg>
<status status="PASS" starttime="20190809 13:12:52.619" endtime="20190809 13:12:52.706"></status>
</kw>
<kw name="Click Element" library="SeleniumLibrary">
<doc>Click element identified by ``locator``.</doc>
<arguments>
<arg>link=Logout</arg>
</arguments>
<msg timestamp="20190809 13:12:52.707" level="INFO">Clicking element 'link=Logout'.</msg>
<status status="PASS" starttime="20190809 13:12:52.706" endtime="20190809 13:12:54.205"></status>
</kw>
<kw name="Close Browser" library="SeleniumLibrary">
<doc>Closes the current browser.</doc>
<status status="PASS" starttime="20190809 13:12:54.205" endtime="20190809 13:12:56.530"></status>
</kw>
<kw name="Log" library="BuiltIn">
<doc>Logs the given message with the given level.</doc>
<arguments>
<arg>Test Completed</arg>
</arguments>
<msg timestamp="20190809 13:12:56.530" level="INFO">Test Completed</msg>
<status status="PASS" starttime="20190809 13:12:56.530" endtime="20190809 13:12:56.531"></status>
</kw>
<kw name="Log" library="BuiltIn">
<doc>Logs the given message with the given level.</doc>
<arguments>
<arg>This test was completed by %{username} on %{os}</arg>
</arguments>
<msg timestamp="20190809 13:12:56.531" level="INFO">This test was completed by apoorva.b.agrawal on Windows_NT</msg>
<status status="PASS" starttime="20190809 13:12:56.531" endtime="20190809 13:12:56.531"></status>
</kw>
<kw name="Log" library="BuiltIn" type="teardown">
<doc>Logs the given message with the given level.</doc>
<arguments>
<arg>I am inside Test Teardown</arg>
</arguments>
<msg timestamp="20190809 13:12:56.532" level="INFO">I am inside Test Teardown</msg>
<status status="PASS" starttime="20190809 13:12:56.532" endtime="20190809 13:12:56.532"></status>
</kw>
<doc>This is a simple login test</doc>
<tags>
<tag>sanity</tag>
</tags>
<status status="PASS" starttime="20190809 13:12:46.157" endtime="20190809 13:12:56.532" critical="yes"></status>
</test>
<test id="s1-t7" name="SampleLoginTest2">
<kw name="Log" library="BuiltIn" type="setup">
<doc>Logs the given message with the given level.</doc>
<arguments>
<arg>I am inside Test Setup</arg>
</arguments>
<msg timestamp="20190809 13:12:56.534" level="INFO">I am inside Test Setup</msg>
<status status="PASS" starttime="20190809 13:12:56.534" endtime="20190809 13:12:56.534"></status>
</kw>
<kw name="Open Browser" library="SeleniumLibrary">
<doc>Opens a new browser instance to the given ``url``.</doc>
<arguments>
<arg>${URL}</arg>
<arg>chrome</arg>
</arguments>
<msg timestamp="20190809 13:12:56.535" level="INFO">Opening browser 'chrome' to base url 'https://opensource-demo.orangehrmlive.com/'.</msg>
<status status="PASS" starttime="20190809 13:12:56.534" endtime="20190809 13:13:01.842"></status>
</kw>
<kw name="Set Browser Implicit Wait" library="SeleniumLibrary">
<doc>Sets the implicit wait value used by Selenium.</doc>
<arguments>
<arg>5</arg>
</arguments>
<status status="PASS" starttime="20190809 13:13:01.842" endtime="20190809 13:13:01.848"></status>
</kw>
<kw name="LoginKW">
<kw name="Input Text" library="SeleniumLibrary">
<doc>Types the given ``text`` into text field identified by ``locator``.</doc>
<arguments>
<arg>id=txtUsername</arg>
<arg>@{CREDENTIALS}[0]</arg>
</arguments>
<msg timestamp="20190809 13:13:01.850" level="INFO">Typing text 'Admin' into text field 'id=txtUsername'.</msg>
<status status="PASS" starttime="20190809 13:13:01.850" endtime="20190809 13:13:01.993"></status>
</kw>
<kw name="Input Password" library="SeleniumLibrary">
<doc>Types the given password into text field identified by ``locator``.</doc>
<arguments>
<arg>id=txtPassword</arg>
<arg>&amp;{LOGINDATA}[password]</arg>
</arguments>
<msg timestamp="20190809 13:13:01.994" level="INFO">Typing password into text field 'id=txtPassword'.</msg>
<status status="PASS" starttime="20190809 13:13:01.993" endtime="20190809 13:13:02.190"></status>
</kw>
<kw name="Click Button" library="SeleniumLibrary">
<doc>Clicks button identified by ``locator``.</doc>
<arguments>
<arg>id=btnLogin</arg>
</arguments>
<msg timestamp="20190809 13:13:02.190" level="INFO">Clicking button 'id=btnLogin'.</msg>
<status status="PASS" starttime="20190809 13:13:02.190" endtime="20190809 13:13:03.225"></status>
</kw>
<status status="PASS" starttime="20190809 13:13:01.848" endtime="20190809 13:13:03.225"></status>
</kw>
<kw name="Click Element" library="SeleniumLibrary">
<doc>Click element identified by ``locator``.</doc>
<arguments>
<arg>id=welcome</arg>
</arguments>
<msg timestamp="20190809 13:13:03.226" level="INFO">Clicking element 'id=welcome'.</msg>
<status status="PASS" starttime="20190809 13:13:03.225" endtime="20190809 13:13:03.322"></status>
</kw>
<kw name="Click Element" library="SeleniumLibrary">
<doc>Click element identified by ``locator``.</doc>
<arguments>
<arg>link=Logout</arg>
</arguments>
<msg timestamp="20190809 13:13:03.322" level="INFO">Clicking element 'link=Logout'.</msg>
<status status="PASS" starttime="20190809 13:13:03.322" endtime="20190809 13:13:04.542"></status>
</kw>
<kw name="Close Browser" library="SeleniumLibrary">
<doc>Closes the current browser.</doc>
<status status="PASS" starttime="20190809 13:13:04.542" endtime="20190809 13:13:06.934"></status>
</kw>
<kw name="Log" library="BuiltIn">
<doc>Logs the given message with the given level.</doc>
<arguments>
<arg>Test Completed</arg>
</arguments>
<msg timestamp="20190809 13:13:06.934" level="INFO">Test Completed</msg>
<status status="PASS" starttime="20190809 13:13:06.934" endtime="20190809 13:13:06.934"></status>
</kw>
<kw name="Log" library="BuiltIn">
<doc>Logs the given message with the given level.</doc>
<arguments>
<arg>This test was completed by %{username} on %{os}</arg>
</arguments>
<msg timestamp="20190809 13:13:06.935" level="INFO">This test was completed by apoorva.b.agrawal on Windows_NT</msg>
<status status="PASS" starttime="20190809 13:13:06.934" endtime="20190809 13:13:06.935"></status>
</kw>
<kw name="Log" library="BuiltIn" type="teardown">
<doc>Logs the given message with the given level.</doc>
<arguments>
<arg>I am inside Test Teardown</arg>
</arguments>
<msg timestamp="20190809 13:13:06.935" level="INFO">I am inside Test Teardown</msg>
<status status="PASS" starttime="20190809 13:13:06.935" endtime="20190809 13:13:06.935"></status>
</kw>
<doc>This is a simple login test</doc>
<tags>
<tag>sanity</tag>
</tags>
<status status="PASS" starttime="20190809 13:12:56.533" endtime="20190809 13:13:06.935" critical="yes"></status>
</test>
<kw name="Log" library="BuiltIn" type="teardown">
<doc>Logs the given message with the given level.</doc>
<arguments>
<arg>I am inside Test Suite Teardown</arg>
</arguments>
<msg timestamp="20190809 13:13:06.936" level="INFO">I am inside Test Suite Teardown</msg>
<status status="PASS" starttime="20190809 13:13:06.936" endtime="20190809 13:13:06.936"></status>
</kw>
<status status="PASS" starttime="20190809 13:12:34.432" endtime="20190809 13:13:06.936"></status>
</suite>
<statistics>
<total>
<stat pass="7" fail="0">Critical Tests</stat>
<stat pass="7" fail="0">All Tests</stat>
</total>
<tag>
<stat pass="2" fail="0">local</stat>
<stat pass="4" fail="0">sanity</stat>
<stat pass="1" fail="0">smoke</stat>
</tag>
<suite>
<stat pass="7" fail="0" id="s1" name="TestSuite1">TestSuite1</stat>
</suite>
</statistics>
<errors>
</errors>
</robot>
