<?xml version="1.0" encoding="UTF-8"?>
<robot generator="Robot 3.1.2 (Python 3.7.3 on win32)" generated="20190710 22:38:20.494" rpa="false">
<suite id="s1" name="RobotProject1" source="C:\Users\apoorva.b.agrawal\OneDrive - Accenture\Desktop\Development\RobotFramework\RobotFrameworkRED\RobotProject1">
<suite id="s1-s1" name="TestSuitesFolder" source="C:\Users\apoorva.b.agrawal\OneDrive - Accenture\Desktop\Development\RobotFramework\RobotFrameworkRED\RobotProject1\TestSuitesFolder">
<suite id="s1-s1-s1" name="TestSuite2" source="C:\Users\apoorva.b.agrawal\OneDrive - Accenture\Desktop\Development\RobotFramework\RobotFrameworkRED\RobotProject1\TestSuitesFolder\TestSuite2.robot">
<test id="s1-s1-s1-t1" name="AddEmployee">
<kw name="LoginTestKW">
<kw name="Open Browser" library="SeleniumLibrary">
<doc>Opens a new browser instance to the given ``url``.</doc>
<arguments>
<arg>${URL}</arg>
<arg>Chrome</arg>
</arguments>
<msg timestamp="20190710 22:38:20.826" level="INFO">Opening browser 'Chrome' to base url 'https://opensource-demo.orangehrmlive.com/index.php/auth/login'.</msg>
<status status="PASS" starttime="20190710 22:38:20.826" endtime="20190710 22:38:26.989"></status>
</kw>
<kw name="Title Should Be" library="SeleniumLibrary">
<doc>Verifies that current page title equals ``title``.</doc>
<arguments>
<arg>OrangeHRM</arg>
</arguments>
<msg timestamp="20190710 22:38:27.003" level="INFO">Page title is 'OrangeHRM'.</msg>
<status status="PASS" starttime="20190710 22:38:26.990" endtime="20190710 22:38:27.003"></status>
</kw>
<kw name="Input Text" library="SeleniumLibrary">
<doc>Types the given ``text`` into text field identified by ``locator``.</doc>
<arguments>
<arg>id=txtUsername</arg>
<arg>&amp;{LOGINDATA}[username]</arg>
</arguments>
<msg timestamp="20190710 22:38:27.004" level="INFO">Typing text 'Admin' into text field 'id=txtUsername'.</msg>
<status status="PASS" starttime="20190710 22:38:27.004" endtime="20190710 22:38:27.112"></status>
</kw>
<kw name="Input Password" library="SeleniumLibrary">
<doc>Types the given password into text field identified by ``locator``.</doc>
<arguments>
<arg>id=txtPassword</arg>
<arg>&amp;{LOGINDATA}[password]</arg>
</arguments>
<msg timestamp="20190710 22:38:27.113" level="INFO">Typing password into text field 'id=txtPassword'.</msg>
<status status="PASS" starttime="20190710 22:38:27.112" endtime="20190710 22:38:27.204"></status>
</kw>
<kw name="Click Button" library="SeleniumLibrary">
<doc>Clicks button identified by ``locator``.</doc>
<arguments>
<arg>id=btnLogin</arg>
</arguments>
<msg timestamp="20190710 22:38:27.206" level="INFO">Clicking button 'id=btnLogin'.</msg>
<status status="PASS" starttime="20190710 22:38:27.206" endtime="20190710 22:38:28.646"></status>
</kw>
<kw name="Element Text Should Be" library="SeleniumLibrary">
<doc>Verifies that element ``locator`` contains exact text ``expected``.</doc>
<arguments>
<arg>id=welcome</arg>
<arg>Welcome Admin</arg>
</arguments>
<msg timestamp="20190710 22:38:28.647" level="INFO">Verifying element 'id=welcome' contains exact text 'Welcome Admin'.</msg>
<status status="PASS" starttime="20190710 22:38:28.647" endtime="20190710 22:38:28.680"></status>
</kw>
<status status="PASS" starttime="20190710 22:38:20.825" endtime="20190710 22:38:28.680"></status>
</kw>
<kw name="Click Element" library="SeleniumLibrary">
<doc>Click element identified by ``locator``.</doc>
<arguments>
<arg>xpath=//b[contains(text(),'PIM')]</arg>
</arguments>
<msg timestamp="20190710 22:38:28.681" level="INFO">Clicking element 'xpath=//b[contains(text(),'PIM')]'.</msg>
<status status="PASS" starttime="20190710 22:38:28.680" endtime="20190710 22:38:29.821"></status>
</kw>
<kw name="Click Element" library="SeleniumLibrary">
<doc>Click element identified by ``locator``.</doc>
<arguments>
<arg>id=menu_pim_addEmployee</arg>
</arguments>
<msg timestamp="20190710 22:38:29.823" level="INFO">Clicking element 'id=menu_pim_addEmployee'.</msg>
<status status="PASS" starttime="20190710 22:38:29.821" endtime="20190710 22:38:30.267"></status>
</kw>
<kw name="Element Text Should Be" library="SeleniumLibrary">
<doc>Verifies that element ``locator`` contains exact text ``expected``.</doc>
<arguments>
<arg>xpath=//h1</arg>
<arg>Add Employee</arg>
</arguments>
<msg timestamp="20190710 22:38:30.268" level="INFO">Verifying element 'xpath=//h1' contains exact text 'Add Employee'.</msg>
<status status="PASS" starttime="20190710 22:38:30.267" endtime="20190710 22:38:30.299"></status>
</kw>
<kw name="Input Text" library="SeleniumLibrary">
<doc>Types the given ``text`` into text field identified by ``locator``.</doc>
<arguments>
<arg>id=firstName</arg>
<arg>&amp;{EMPNAMEDATA}[firstname]</arg>
</arguments>
<msg timestamp="20190710 22:38:30.300" level="INFO">Typing text 'FName' into text field 'id=firstName'.</msg>
<status status="PASS" starttime="20190710 22:38:30.300" endtime="20190710 22:38:30.394"></status>
</kw>
<kw name="Input Text" library="SeleniumLibrary">
<doc>Types the given ``text`` into text field identified by ``locator``.</doc>
<arguments>
<arg>id=lastName</arg>
<arg>&amp;{EMPNAMEDATA}[lastname]</arg>
</arguments>
<msg timestamp="20190710 22:38:30.395" level="INFO">Typing text 'LName' into text field 'id=lastName'.</msg>
<status status="PASS" starttime="20190710 22:38:30.395" endtime="20190710 22:38:30.482"></status>
</kw>
<kw name="Get Text" library="SeleniumLibrary">
<doc>Returns the text value of element identified by ``locator``.</doc>
<arguments>
<arg>id=employeeId</arg>
</arguments>
<assign>
<var>${empId}</var>
</assign>
<msg timestamp="20190710 22:38:30.512" level="INFO">${empId} = </msg>
<status status="PASS" starttime="20190710 22:38:30.483" endtime="20190710 22:38:30.512"></status>
</kw>
<kw name="Log To Console" library="BuiltIn">
<doc>Logs the given message to the console.</doc>
<arguments>
<arg>Employee ID is ${empId}</arg>
</arguments>
<status status="PASS" starttime="20190710 22:38:30.512" endtime="20190710 22:38:30.512"></status>
</kw>
<kw name="Click Element" library="SeleniumLibrary">
<doc>Click element identified by ``locator``.</doc>
<arguments>
<arg>id=chkLogin</arg>
</arguments>
<msg timestamp="20190710 22:38:30.513" level="INFO">Clicking element 'id=chkLogin'.</msg>
<status status="PASS" starttime="20190710 22:38:30.513" endtime="20190710 22:38:30.587"></status>
</kw>
<kw name="Input Text" library="SeleniumLibrary">
<doc>Types the given ``text`` into text field identified by ``locator``.</doc>
<arguments>
<arg>id=user_name</arg>
<arg>&amp;{EMPLOGINDATA}[username]</arg>
</arguments>
<msg timestamp="20190710 22:38:30.588" level="INFO">Typing text 'User1Test' into text field 'id=user_name'.</msg>
<status status="PASS" starttime="20190710 22:38:30.588" endtime="20190710 22:38:30.694"></status>
</kw>
<kw name="Input Text" library="SeleniumLibrary">
<doc>Types the given ``text`` into text field identified by ``locator``.</doc>
<arguments>
<arg>id=user_password</arg>
<arg>&amp;{EMPLOGINDATA}[password]</arg>
</arguments>
<msg timestamp="20190710 22:38:30.694" level="INFO">Typing text 'P@ssw0rd' into text field 'id=user_password'.</msg>
<status status="PASS" starttime="20190710 22:38:30.694" endtime="20190710 22:38:30.799"></status>
</kw>
<kw name="Input Text" library="SeleniumLibrary">
<doc>Types the given ``text`` into text field identified by ``locator``.</doc>
<arguments>
<arg>id=re_password</arg>
<arg>&amp;{EMPLOGINDATA}[password]</arg>
</arguments>
<msg timestamp="20190710 22:38:30.800" level="INFO">Typing text 'P@ssw0rd' into text field 'id=re_password'.</msg>
<status status="PASS" starttime="20190710 22:38:30.799" endtime="20190710 22:38:30.908"></status>
</kw>
<kw name="Click Button" library="SeleniumLibrary">
<doc>Clicks button identified by ``locator``.</doc>
<arguments>
<arg>id=btnSave</arg>
</arguments>
<msg timestamp="20190710 22:38:30.909" level="INFO">Clicking button 'id=btnSave'.</msg>
<status status="PASS" starttime="20190710 22:38:30.908" endtime="20190710 22:38:30.983"></status>
</kw>
<kw name="Click Element" library="SeleniumLibrary">
<doc>Click element identified by ``locator``.</doc>
<arguments>
<arg>id=menu_pim_viewEmployeeList</arg>
</arguments>
<msg timestamp="20190710 22:38:30.984" level="INFO">Clicking element 'id=menu_pim_viewEmployeeList'.</msg>
<status status="PASS" starttime="20190710 22:38:30.984" endtime="20190710 22:38:31.535"></status>
</kw>
<kw name="Input Text" library="SeleniumLibrary">
<doc>Types the given ``text`` into text field identified by ``locator``.</doc>
<arguments>
<arg>id=empsearch_id</arg>
<arg>${empId}</arg>
</arguments>
<msg timestamp="20190710 22:38:31.536" level="INFO">Typing text '' into text field 'id=empsearch_id'.</msg>
<status status="PASS" starttime="20190710 22:38:31.536" endtime="20190710 22:38:31.603"></status>
</kw>
<kw name="Click Button" library="SeleniumLibrary">
<doc>Clicks button identified by ``locator``.</doc>
<arguments>
<arg>id=searchBtn</arg>
</arguments>
<msg timestamp="20190710 22:38:31.605" level="INFO">Clicking button 'id=searchBtn'.</msg>
<status status="PASS" starttime="20190710 22:38:31.604" endtime="20190710 22:38:31.933"></status>
</kw>
<kw name="Element Text Should Be" library="SeleniumLibrary">
<doc>Verifies that element ``locator`` contains exact text ``expected``.</doc>
<arguments>
<arg>xpath=//table[@id='resultTable']/tbody/tr/td[3]/a[contains(text(),'FName')]</arg>
<arg>&amp;{EMPNAMEDATA}[firstname]</arg>
</arguments>
<msg timestamp="20190710 22:38:31.935" level="INFO">Verifying element 'xpath=//table[@id='resultTable']/tbody/tr/td[3]/a[contains(text(),'FName')]' contains exact text 'FName'.</msg>
<kw name="Capture Page Screenshot" library="SeleniumLibrary">
<doc>Takes screenshot of the current page and embeds it into log file.</doc>
<msg timestamp="20190710 22:38:32.268" level="INFO" html="yes">&lt;/td&gt;&lt;/tr&gt;&lt;tr&gt;&lt;td colspan="3"&gt;&lt;a href="selenium-screenshot-9.png"&gt;&lt;img src="selenium-screenshot-9.png" width="800px"&gt;&lt;/a&gt;</msg>
<status status="PASS" starttime="20190710 22:38:31.952" endtime="20190710 22:38:32.269"></status>
</kw>
<msg timestamp="20190710 22:38:32.270" level="FAIL">Element with locator 'xpath=//table[@id='resultTable']/tbody/tr/td[3]/a[contains(text(),'FName')]' not found.</msg>
<status status="FAIL" starttime="20190710 22:38:31.934" endtime="20190710 22:38:32.270"></status>
</kw>
<kw name="Close Browser" library="SeleniumLibrary" type="teardown">
<doc>Closes the current browser.</doc>
<status status="PASS" starttime="20190710 22:38:32.270" endtime="20190710 22:38:34.594"></status>
</kw>
<status status="FAIL" starttime="20190710 22:38:20.825" endtime="20190710 22:38:34.595" critical="yes">Element with locator 'xpath=//table[@id='resultTable']/tbody/tr/td[3]/a[contains(text(),'FName')]' not found.</status>
</test>
<status status="FAIL" starttime="20190710 22:38:20.575" endtime="20190710 22:38:34.598"></status>
</suite>
<status status="FAIL" starttime="20190710 22:38:20.572" endtime="20190710 22:38:34.601"></status>
</suite>
<status status="FAIL" starttime="20190710 22:38:20.547" endtime="20190710 22:38:34.606"></status>
</suite>
<statistics>
<total>
<stat pass="0" fail="1">Critical Tests</stat>
<stat pass="0" fail="1">All Tests</stat>
</total>
<tag>
</tag>
<suite>
<stat pass="0" fail="1" id="s1" name="RobotProject1">RobotProject1</stat>
<stat pass="0" fail="1" id="s1-s1" name="TestSuitesFolder">RobotProject1.TestSuitesFolder</stat>
<stat pass="0" fail="1" id="s1-s1-s1" name="TestSuite2">RobotProject1.TestSuitesFolder.TestSuite2</stat>
</suite>
</statistics>
<errors>
</errors>
</robot>
