<?xml version="1.0" encoding="UTF-8"?>
<robot generator="Robot 3.1.2 (Python 3.7.3 on win32)" generated="20190708 18:52:36.100" rpa="false">
<suite id="s1" name="RobotProject1" source="C:\Users\apoorva.b.agrawal\OneDrive - Accenture\Desktop\Development\RobotFramework\RobotFrameworkRED\RobotProject1">
<suite id="s1-s1" name="TestSuitesFolder" source="C:\Users\apoorva.b.agrawal\OneDrive - Accenture\Desktop\Development\RobotFramework\RobotFrameworkRED\RobotProject1\TestSuitesFolder">
<suite id="s1-s1-s1" name="TestSuite2" source="C:\Users\apoorva.b.agrawal\OneDrive - Accenture\Desktop\Development\RobotFramework\RobotFrameworkRED\RobotProject1\TestSuitesFolder\TestSuite2.robot">
<test id="s1-s1-s1-t1" name="OrangeHRMLoginTest">
<kw name="Open Browser" library="SeleniumLibrary">
<doc>Opens a new browser instance to the given ``url``.</doc>
<arguments>
<arg>${URL}</arg>
<arg>Chrome</arg>
</arguments>
<msg timestamp="20190708 18:52:36.352" level="INFO">Opening browser 'Chrome' to base url 'https://opensource-demo.orangehrmlive.com/index.php/auth/login'.</msg>
<status status="PASS" starttime="20190708 18:52:36.352" endtime="20190708 18:52:41.342"></status>
</kw>
<kw name="Title Should Be" library="SeleniumLibrary">
<doc>Verifies that current page title equals ``title``.</doc>
<arguments>
<arg>OrangeHRM</arg>
</arguments>
<msg timestamp="20190708 18:52:41.352" level="INFO">Page title is 'OrangeHRM'.</msg>
<status status="PASS" starttime="20190708 18:52:41.343" endtime="20190708 18:52:41.352"></status>
</kw>
<kw name="Input Text" library="SeleniumLibrary">
<doc>Types the given ``text`` into text field identified by ``locator``.</doc>
<arguments>
<arg>id=txtUsername</arg>
<arg>&amp;{LOGINDATA}[username]</arg>
</arguments>
<msg timestamp="20190708 18:52:41.353" level="INFO">Typing text 'Admin' into text field 'id=txtUsername'.</msg>
<status status="PASS" starttime="20190708 18:52:41.352" endtime="20190708 18:52:41.436"></status>
</kw>
<kw name="Input Password" library="SeleniumLibrary">
<doc>Types the given password into text field identified by ``locator``.</doc>
<arguments>
<arg>id=txtPassword</arg>
<arg>&amp;{LOGINDATA}[password]</arg>
</arguments>
<msg timestamp="20190708 18:52:41.437" level="INFO">Typing password into text field 'id=txtPassword'.</msg>
<status status="PASS" starttime="20190708 18:52:41.436" endtime="20190708 18:52:41.510"></status>
</kw>
<kw name="Click Button" library="SeleniumLibrary">
<doc>Clicks button identified by ``locator``.</doc>
<arguments>
<arg>id=btnLogin</arg>
</arguments>
<msg timestamp="20190708 18:52:41.511" level="INFO">Clicking button 'id=btnLogin'.</msg>
<status status="PASS" starttime="20190708 18:52:41.510" endtime="20190708 18:52:42.535"></status>
</kw>
<kw name="Element Text Should Be" library="SeleniumLibrary">
<doc>Verifies that element ``locator`` contains exact text ``expected``.</doc>
<arguments>
<arg>id=welcome</arg>
<arg>Welcome Admin</arg>
</arguments>
<msg timestamp="20190708 18:52:42.537" level="INFO">Verifying element 'id=welcome' contains exact text 'Welcome Admin'.</msg>
<status status="PASS" starttime="20190708 18:52:42.535" endtime="20190708 18:52:42.568"></status>
</kw>
<kw name="Close Browser" library="SeleniumLibrary" type="teardown">
<doc>Closes the current browser.</doc>
<status status="PASS" starttime="20190708 18:52:42.569" endtime="20190708 18:52:44.839"></status>
</kw>
<status status="PASS" starttime="20190708 18:52:36.351" endtime="20190708 18:52:44.839" critical="yes"></status>
</test>
<status status="PASS" starttime="20190708 18:52:36.163" endtime="20190708 18:52:44.840"></status>
</suite>
<status status="PASS" starttime="20190708 18:52:36.160" endtime="20190708 18:52:44.842"></status>
</suite>
<status status="PASS" starttime="20190708 18:52:36.140" endtime="20190708 18:52:44.843"></status>
</suite>
<statistics>
<total>
<stat pass="1" fail="0">Critical Tests</stat>
<stat pass="1" fail="0">All Tests</stat>
</total>
<tag>
</tag>
<suite>
<stat pass="1" fail="0" id="s1" name="RobotProject1">RobotProject1</stat>
<stat pass="1" fail="0" id="s1-s1" name="TestSuitesFolder">RobotProject1.TestSuitesFolder</stat>
<stat pass="1" fail="0" id="s1-s1-s1" name="TestSuite2">RobotProject1.TestSuitesFolder.TestSuite2</stat>
</suite>
</statistics>
<errors>
</errors>
</robot>
